<?xml version="1.0" encoding="UTF-8"?>
<!-- Generated by org.testng.reporters.JUnitXMLReporter -->
<testsuite ignored="1" hostname="DESKTOP-7VLDNL8" failures="2" tests="2" name="FirefoxTest(failed)" time="58.38" errors="0" timestamp="2022-09-20T19:24:18 IST">
  <testcase classname="maven3.VerifyRedmeMobilePageUrl" name="test" time="18.845">
    <failure type="java.lang.AssertionError" message="expected [vhbjjk] but found [https://www.amazon.com/cart/smart-wagon?newItems=C41fdad2b-4a1b-4fc1-9bd7-048b65c2ae28,1]">
      <![CDATA[java.lang.AssertionError: expected [vhbjjk] but found [https://www.amazon.com/cart/smart-wagon?newItems=C41fdad2b-4a1b-4fc1-9bd7-048b65c2ae28,1]
at maven3.VerifyRedmeMobilePageUrl.test(VerifyRedmeMobilePageUrl.java:83)
at java.base/java.util.ArrayList.forEach(ArrayList.java:1511)
... Removed 31 stack frames]]>
    </failure>
  </testcase> <!-- test -->
  <testcase classname="maven3.VerifyRoomsPageBY_TESTNG" name="toVerifyReturnToMessengerButton" time="1.557">
    <failure type="java.lang.AssertionError" message="expected [https://www.messenger.com/messenger] but found [https://www.messenger.com/help]">
      <![CDATA[java.lang.AssertionError: expected [https://www.messenger.com/messenger] but found [https://www.messenger.com/help]
at maven3.VerifyRoomsPageBY_TESTNG.toVerifyReturnToMessengerButton(VerifyRoomsPageBY_TESTNG.java:97)
at java.base/java.util.ArrayList.forEach(ArrayList.java:1511)
... Removed 31 stack frames]]>
    </failure>
  </testcase> <!-- toVerifyReturnToMessengerButton -->
  <testcase classname="maven3.VerifyRoomsPageBY_TESTNG" name="toVerifyMessengerHelpCenterButton" time="0.0">
    <ignored/>
  </testcase> <!-- toVerifyMessengerHelpCenterButton -->
</testsuite> <!-- FirefoxTest(failed) -->
